compiz (core) - Info: Loading plugin: core
compiz (core) - Info: Starting plugin: core
compiz (core) - Info: Loading plugin: ccp
compiz (core) - Info: Starting plugin: ccp
compizconfig - Info: Backend     : gsettings
compizconfig - Info: Integration : true
compizconfig - Info: Profile     : unity
compiz (core) - Info: Loading plugin: composite
compiz (core) - Info: Starting plugin: composite
compiz (core) - Info: Loading plugin: opengl
compiz (core) - Info: Starting plugin: opengl
compiz (core) - Info: Loading plugin: place
compiz (core) - Info: Starting plugin: place
compiz (core) - Info: Loading plugin: vpswitch
compiz (core) - Info: Starting plugin: vpswitch
compiz (core) - Info: Loading plugin: commands
compiz (core) - Info: Starting plugin: commands
compiz (core) - Info: Loading plugin: wall
compiz (core) - Info: Starting plugin: wall
compiz (core) - Info: Loading plugin: regex
compiz (core) - Info: Starting plugin: regex
compiz (core) - Info: Loading plugin: resize
compiz (core) - Info: Starting plugin: resize
compiz (core) - Info: Loading plugin: mousepoll
compiz (core) - Info: Starting plugin: mousepoll
compiz (core) - Info: Loading plugin: imgpng
compiz (core) - Info: Starting plugin: imgpng
compiz (core) - Info: Loading plugin: move
compiz (core) - Info: Starting plugin: move
compiz (core) - Info: Loading plugin: animation
compiz (core) - Info: Starting plugin: animation
compiz (core) - Info: Loading plugin: compiztoolbox
compiz (core) - Info: Starting plugin: compiztoolbox
compiz (core) - Info: Loading plugin: grid
compiz (core) - Info: Starting plugin: grid
compiz (core) - Info: Loading plugin: copytex
compiz (core) - Info: Starting plugin: copytex
compiz (core) - Info: Loading plugin: snap
compiz (core) - Info: Starting plugin: snap
compiz (core) - Info: Loading plugin: session
compiz (core) - Info: Starting plugin: session
compiz (core) - Info: Loading plugin: expo
compiz (core) - Info: Starting plugin: expo
compiz (core) - Info: Loading plugin: unitymtgrabhandles
compiz (core) - Info: Starting plugin: unitymtgrabhandles
compiz (core) - Info: Loading plugin: fade
compiz (core) - Info: Starting plugin: fade
compiz (core) - Info: Loading plugin: workarounds
compiz (core) - Info: Starting plugin: workarounds
compiz (core) - Info: Loading plugin: ezoom
compiz (core) - Info: Starting plugin: ezoom
compiz (core) - Info: Loading plugin: scale
compiz (core) - Info: Starting plugin: scale
compiz (core) - Info: Loading plugin: unityshell
compiz (core) - Info: Starting plugin: unityshell
WARN  2016-06-27 00:29:51 unity.screen UScreen.cpp:126 UScreen::GetMonitorName: Failed to get monitor name for monitor0
WARN  2016-06-27 00:29:52 unity.glib.dbus.server GLibDBusServer.cpp:593 Can't register object 'org.gnome.Shell' yet as we don't have a connection, waiting for it...
WARN  2016-06-27 00:29:55 unity.debug.interface DebugDBusInterface.cpp:217 Unable to load entry point in libxpathselect: libxpathselect.so.1.4: cannot open shared object file: No such file or directory -- full D-Bus introspection will not be available
WARN  2016-06-27 00:29:56 xim.controller XIMController.cpp:103 IBus natively supported.
WARN  2016-06-27 00:29:57 unity.dash.gsettingsscopereader GSettingsScopes.cpp:108 Error fetching protocol metadata for scope: social.scope : Valid key file could not be found in search dirs
WARN  2016-06-27 00:29:59 unity.glib.dbus.server GLibDBusServer.cpp:593 Can't register object 'com.canonical.Unity.Launcher' yet as we don't have a connection, waiting for it...
WARN  2016-06-27 00:29:59 unity.glib.dbus.server GLibDBusServer.cpp:593 Can't register object 'com.canonical.Unity.Dash' yet as we don't have a connection, waiting for it...
WARN  2016-06-27 00:30:00 unity.glib.dbus.server GLibDBusServer.cpp:593 Can't register object 'org.gnome.SessionManager.EndSessionDialog' yet as we don't have a connection, waiting for it...
WARN  2016-06-27 00:30:00 unity.glib.dbus.server GLibDBusServer.cpp:593 Can't register object 'com.canonical.Unity.Session' yet as we don't have a connection, waiting for it...
WARN  2016-06-27 00:30:00 unity.glib.dbus.server GLibDBusServer.cpp:593 Can't register object 'org.gnome.ScreenSaver' yet as we don't have a connection, waiting for it...
ERROR 2016-06-27 00:30:08 unity.glib.dbus.server GLibDBusServer.cpp:538 DBus name lost 'org.gnome.Shell'
ERROR 2016-06-27 00:30:08 unity.glib.dbus.server GLibDBusServer.cpp:538 DBus name lost 'com.canonical.Unity'
WARN  2016-06-27 00:30:08 unity.key.gnome.grabber GnomeKeyGrabber.cpp:94 Trying to grab a disabled action, we skip it
WARN  2016-06-27 00:30:08 unity.key.gnome.grabber GnomeKeyGrabber.cpp:94 Trying to grab a disabled action, we skip it
WARN  2016-06-27 00:30:08 unity.key.gnome.grabber GnomeKeyGrabber.cpp:94 Trying to grab a disabled action, we skip it
WARN  2016-06-27 00:30:08 unity.key.gnome.grabber GnomeKeyGrabber.cpp:94 Trying to grab a disabled action, we skip it
WARN  2016-06-27 00:30:08 unity.key.gnome.grabber GnomeKeyGrabber.cpp:94 Trying to grab a disabled action, we skip it
WARN  2016-06-27 00:30:08 unity.key.gnome.grabber GnomeKeyGrabber.cpp:94 Trying to grab a disabled action, we skip it
WARN  2016-06-27 00:30:08 unity.key.gnome.grabber GnomeKeyGrabber.cpp:94 Trying to grab a disabled action, we skip it
WARN  2016-06-27 00:30:08 unity.key.gnome.grabber GnomeKeyGrabber.cpp:94 Trying to grab a disabled action, we skip it
WARN  2016-06-27 00:30:08 unity.key.gnome.grabber GnomeKeyGrabber.cpp:94 Trying to grab a disabled action, we skip it
WARN  2016-06-27 00:30:08 unity.key.gnome.grabber GnomeKeyGrabber.cpp:94 Trying to grab a disabled action, we skip it
compiz (core) - Info: Loading plugin: core
compiz (core) - Info: Starting plugin: core
compiz (core) - Info: Loading plugin: ccp
compiz (core) - Info: Starting plugin: ccp
compizconfig - Info: Backend     : gsettings
compizconfig - Info: Integration : true
compizconfig - Info: Profile     : unity
compiz (core) - Info: Loading plugin: composite
compiz (core) - Info: Starting plugin: composite
compiz (core) - Info: Loading plugin: opengl
compiz (core) - Info: Starting plugin: opengl
compiz (core) - Info: Loading plugin: place
compiz (core) - Info: Starting plugin: place
compiz (core) - Info: Loading plugin: vpswitch
compiz (core) - Info: Starting plugin: vpswitch
compiz (core) - Info: Loading plugin: commands
compiz (core) - Info: Starting plugin: commands
compiz (core) - Info: Loading plugin: wall
compiz (core) - Info: Starting plugin: wall
compiz (core) - Info: Loading plugin: regex
compiz (core) - Info: Starting plugin: regex
compiz (core) - Info: Loading plugin: resize
compiz (core) - Info: Starting plugin: resize
compiz (core) - Info: Loading plugin: mousepoll
compiz (core) - Info: Starting plugin: mousepoll
compiz (core) - Info: Loading plugin: imgpng
compiz (core) - Info: Starting plugin: imgpng
compiz (core) - Info: Loading plugin: move
compiz (core) - Info: Starting plugin: move
compiz (core) - Info: Loading plugin: animation
compiz (core) - Info: Starting plugin: animation
compiz (core) - Info: Loading plugin: compiztoolbox
compiz (core) - Info: Starting plugin: compiztoolbox
compiz (core) - Info: Loading plugin: grid
compiz (core) - Info: Starting plugin: grid
compiz (core) - Info: Loading plugin: copytex
compiz (core) - Info: Starting plugin: copytex
compiz (core) - Info: Loading plugin: snap
compiz (core) - Info: Starting plugin: snap
compiz (core) - Info: Loading plugin: session
compiz (core) - Info: Starting plugin: session
compiz (core) - Info: Loading plugin: expo
compiz (core) - Info: Starting plugin: expo
compiz (core) - Info: Loading plugin: unitymtgrabhandles
compiz (core) - Info: Starting plugin: unitymtgrabhandles
compiz (core) - Info: Loading plugin: fade
compiz (core) - Info: Starting plugin: fade
compiz (core) - Info: Loading plugin: workarounds
compiz (core) - Info: Starting plugin: workarounds
compiz (core) - Info: Loading plugin: ezoom
compiz (core) - Info: Starting plugin: ezoom
compiz (core) - Info: Loading plugin: scale
compiz (core) - Info: Starting plugin: scale
compiz (core) - Info: Loading plugin: unityshell
compiz (core) - Info: Starting plugin: unityshell
WARN  2016-06-27 00:33:38 unity.screen UScreen.cpp:126 UScreen::GetMonitorName: Failed to get monitor name for monitor0
WARN  2016-06-27 00:33:38 unity.glib.dbus.server GLibDBusServer.cpp:593 Can't register object 'org.gnome.Shell' yet as we don't have a connection, waiting for it...
WARN  2016-06-27 00:33:39 unity.debug.interface DebugDBusInterface.cpp:217 Unable to load entry point in libxpathselect: libxpathselect.so.1.4: cannot open shared object file: No such file or directory -- full D-Bus introspection will not be available
WARN  2016-06-27 00:33:39 xim.controller XIMController.cpp:103 IBus natively supported.
WARN  2016-06-27 00:33:40 unity.dash.gsettingsscopereader GSettingsScopes.cpp:108 Error fetching protocol metadata for scope: social.scope : Valid key file could not be found in search dirs
WARN  2016-06-27 00:33:41 unity.glib.dbus.server GLibDBusServer.cpp:593 Can't register object 'com.canonical.Unity.Launcher' yet as we don't have a connection, waiting for it...
WARN  2016-06-27 00:33:42 unity.glib.dbus.server GLibDBusServer.cpp:593 Can't register object 'com.canonical.Unity.Dash' yet as we don't have a connection, waiting for it...
WARN  2016-06-27 00:33:42 unity.glib.dbus.server GLibDBusServer.cpp:593 Can't register object 'org.gnome.SessionManager.EndSessionDialog' yet as we don't have a connection, waiting for it...
WARN  2016-06-27 00:33:42 unity.glib.dbus.server GLibDBusServer.cpp:593 Can't register object 'com.canonical.Unity.Session' yet as we don't have a connection, waiting for it...
WARN  2016-06-27 00:33:42 unity.glib.dbus.server GLibDBusServer.cpp:593 Can't register object 'org.gnome.ScreenSaver' yet as we don't have a connection, waiting for it...
ERROR 2016-06-27 00:33:47 unity.glib.dbus.server GLibDBusServer.cpp:538 DBus name lost 'org.gnome.Shell'
ERROR 2016-06-27 00:33:47 unity.glib.dbus.server GLibDBusServer.cpp:538 DBus name lost 'com.canonical.Unity'
WARN  2016-06-27 00:33:47 unity.key.gnome.grabber GnomeKeyGrabber.cpp:94 Trying to grab a disabled action, we skip it
WARN  2016-06-27 00:33:47 unity.key.gnome.grabber GnomeKeyGrabber.cpp:94 Trying to grab a disabled action, we skip it
WARN  2016-06-27 00:33:47 unity.key.gnome.grabber GnomeKeyGrabber.cpp:94 Trying to grab a disabled action, we skip it
WARN  2016-06-27 00:33:47 unity.key.gnome.grabber GnomeKeyGrabber.cpp:94 Trying to grab a disabled action, we skip it
WARN  2016-06-27 00:33:47 unity.key.gnome.grabber GnomeKeyGrabber.cpp:94 Trying to grab a disabled action, we skip it
WARN  2016-06-27 00:33:47 unity.key.gnome.grabber GnomeKeyGrabber.cpp:94 Trying to grab a disabled action, we skip it
WARN  2016-06-27 00:33:47 unity.key.gnome.grabber GnomeKeyGrabber.cpp:94 Trying to grab a disabled action, we skip it
WARN  2016-06-27 00:33:47 unity.key.gnome.grabber GnomeKeyGrabber.cpp:94 Trying to grab a disabled action, we skip it
WARN  2016-06-27 00:33:47 unity.key.gnome.grabber GnomeKeyGrabber.cpp:94 Trying to grab a disabled action, we skip it
WARN  2016-06-27 00:33:47 unity.key.gnome.grabber GnomeKeyGrabber.cpp:94 Trying to grab a disabled action, we skip it
compiz (core) - Info: Loading plugin: core
compiz (core) - Info: Starting plugin: core
compiz (core) - Info: Loading plugin: ccp
compiz (core) - Info: Starting plugin: ccp
compizconfig - Info: Backend     : gsettings
compizconfig - Info: Integration : true
compizconfig - Info: Profile     : unity
compiz (core) - Info: Loading plugin: composite
compiz (core) - Info: Starting plugin: composite
compiz (core) - Info: Loading plugin: opengl
compiz (core) - Info: Starting plugin: opengl
compiz (core) - Info: Loading plugin: place
compiz (core) - Info: Starting plugin: place
compiz (core) - Info: Loading plugin: vpswitch
compiz (core) - Info: Starting plugin: vpswitch
compiz (core) - Info: Loading plugin: commands
compiz (core) - Info: Starting plugin: commands
compiz (core) - Info: Loading plugin: wall
compiz (core) - Info: Starting plugin: wall
compiz (core) - Info: Loading plugin: regex
compiz (core) - Info: Starting plugin: regex
compiz (core) - Info: Loading plugin: resize
compiz (core) - Info: Starting plugin: resize
compiz (core) - Info: Loading plugin: mousepoll
compiz (core) - Info: Starting plugin: mousepoll
compiz (core) - Info: Loading plugin: imgpng
compiz (core) - Info: Starting plugin: imgpng
compiz (core) - Info: Loading plugin: move
compiz (core) - Info: Starting plugin: move
compiz (core) - Info: Loading plugin: animation
compiz (core) - Info: Starting plugin: animation
compiz (core) - Info: Loading plugin: compiztoolbox
compiz (core) - Info: Starting plugin: compiztoolbox
compiz (core) - Info: Loading plugin: grid
compiz (core) - Info: Starting plugin: grid
compiz (core) - Info: Loading plugin: copytex
compiz (core) - Info: Starting plugin: copytex
compiz (core) - Info: Loading plugin: snap
compiz (core) - Info: Starting plugin: snap
compiz (core) - Info: Loading plugin: session
compiz (core) - Info: Starting plugin: session
compiz (core) - Info: Loading plugin: expo
compiz (core) - Info: Starting plugin: expo
compiz (core) - Info: Loading plugin: unitymtgrabhandles
compiz (core) - Info: Starting plugin: unitymtgrabhandles
compiz (core) - Info: Loading plugin: fade
compiz (core) - Info: Starting plugin: fade
compiz (core) - Info: Loading plugin: workarounds
compiz (core) - Info: Starting plugin: workarounds
compiz (core) - Info: Loading plugin: ezoom
compiz (core) - Info: Starting plugin: ezoom
compiz (core) - Info: Loading plugin: scale
compiz (core) - Info: Starting plugin: scale
compiz (core) - Info: Loading plugin: unityshell
compiz (core) - Info: Starting plugin: unityshell
WARN  2016-06-27 00:39:16 unity.screen UScreen.cpp:126 UScreen::GetMonitorName: Failed to get monitor name for monitor0
WARN  2016-06-27 00:39:17 unity.glib.dbus.server GLibDBusServer.cpp:593 Can't register object 'org.gnome.Shell' yet as we don't have a connection, waiting for it...
WARN  2016-06-27 00:39:18 unity.debug.interface DebugDBusInterface.cpp:217 Unable to load entry point in libxpathselect: libxpathselect.so.1.4: cannot open shared object file: No such file or directory -- full D-Bus introspection will not be available
WARN  2016-06-27 00:39:18 xim.controller XIMController.cpp:103 IBus natively supported.
WARN  2016-06-27 00:39:18 unity.dash.gsettingsscopereader GSettingsScopes.cpp:108 Error fetching protocol metadata for scope: social.scope : Valid key file could not be found in search dirs
WARN  2016-06-27 00:39:20 unity.glib.dbus.server GLibDBusServer.cpp:593 Can't register object 'com.canonical.Unity.Launcher' yet as we don't have a connection, waiting for it...
WARN  2016-06-27 00:39:20 unity.glib.dbus.server GLibDBusServer.cpp:593 Can't register object 'com.canonical.Unity.Dash' yet as we don't have a connection, waiting for it...
WARN  2016-06-27 00:39:21 unity.glib.dbus.server GLibDBusServer.cpp:593 Can't register object 'org.gnome.SessionManager.EndSessionDialog' yet as we don't have a connection, waiting for it...
WARN  2016-06-27 00:39:21 unity.glib.dbus.server GLibDBusServer.cpp:593 Can't register object 'com.canonical.Unity.Session' yet as we don't have a connection, waiting for it...
WARN  2016-06-27 00:39:21 unity.glib.dbus.server GLibDBusServer.cpp:593 Can't register object 'org.gnome.ScreenSaver' yet as we don't have a connection, waiting for it...
WARN  2016-06-27 00:39:25 unityo (appinfo2) <unknown>:0 g_settings_set_value: value for key 'visual-bell-type' in schema 'org.gnome.desktop.wm.preferences' is outside of valid range
WARN  2016-06-27 00:39:25 unity.screen UScreen.cpp:126 UScreen::GetMonitorName: Failed to get monitor name for monitor0
WARN  2016-06-27 00:39:25 unity.screen UScreen.cpp:126 UScreen::GetMonitorName: Failed to get monitor name for monitor0
WARN  2016-06-27 00:39:25 unity.screen UScreen.cpp:126 UScreen::GetMonitorName: Failed to get monitor name for monitor0
WARN  2016-06-27 00:39:25 unity.screen UScreen.cpp:126 UScreen::GetMonitorName: Failed to get monitor name for monitor0
WARN  2016-06-27 00:39:25 unity.screen UScreen.cpp:126 UScreen::GetMonitorName: Failed to get monitor name for monitor0
WARN  2016-06-27 00:39:25 unity.screen UScreen.cpp:126 UScreen::GetMonitorName: Failed to get monitor name for monitor0
WARN  2016-06-27 00:39:26 unityo (appinfo2) <unknown>:0 g_settings_set_value: value for key 'visual-bell-type' in schema 'org.gnome.desktop.wm.preferences' is outside of valid range
WARN  2016-06-27 00:39:26 unity.screen UScreen.cpp:126 UScreen::GetMonitorName: Failed to get monitor name for monitor0
WARN  2016-06-27 00:39:26 unity.screen UScreen.cpp:126 UScreen::GetMonitorName: Failed to get monitor name for monitor0
WARN  2016-06-27 00:39:26 unity.screen UScreen.cpp:126 UScreen::GetMonitorName: Failed to get monitor name for monitor0
WARN  2016-06-27 00:39:26 unity.screen UScreen.cpp:126 UScreen::GetMonitorName: Failed to get monitor name for monitor0
WARN  2016-06-27 00:39:26 unity.screen UScreen.cpp:126 UScreen::GetMonitorName: Failed to get monitor name for monitor0
WARN  2016-06-27 00:39:26 unity.screen UScreen.cpp:126 UScreen::GetMonitorName: Failed to get monitor name for monitor0
ERROR 2016-06-27 00:39:26 unity.glib.dbus.server GLibDBusServer.cpp:538 DBus name lost 'org.gnome.Shell'
ERROR 2016-06-27 00:39:26 unity.glib.dbus.server GLibDBusServer.cpp:538 DBus name lost 'com.canonical.Unity'
WARN  2016-06-27 00:39:27 unity.key.gnome.grabber GnomeKeyGrabber.cpp:94 Trying to grab a disabled action, we skip it
WARN  2016-06-27 00:39:27 unity.key.gnome.grabber GnomeKeyGrabber.cpp:94 Trying to grab a disabled action, we skip it
WARN  2016-06-27 00:39:27 unity.key.gnome.grabber GnomeKeyGrabber.cpp:94 Trying to grab a disabled action, we skip it
WARN  2016-06-27 00:39:27 unity.key.gnome.grabber GnomeKeyGrabber.cpp:94 Trying to grab a disabled action, we skip it
WARN  2016-06-27 00:39:27 unity.key.gnome.grabber GnomeKeyGrabber.cpp:94 Trying to grab a disabled action, we skip it
WARN  2016-06-27 00:39:27 unity.key.gnome.grabber GnomeKeyGrabber.cpp:94 Trying to grab a disabled action, we skip it
WARN  2016-06-27 00:39:27 unity.key.gnome.grabber GnomeKeyGrabber.cpp:94 Trying to grab a disabled action, we skip it
WARN  2016-06-27 00:39:27 unity.key.gnome.grabber GnomeKeyGrabber.cpp:94 Trying to grab a disabled action, we skip it
WARN  2016-06-27 00:39:27 unity.key.gnome.grabber GnomeKeyGrabber.cpp:94 Trying to grab a disabled action, we skip it
WARN  2016-06-27 00:39:27 unity.key.gnome.grabber GnomeKeyGrabber.cpp:94 Trying to grab a disabled action, we skip it
1467010110905	addons.update-checker	WARN	Update manifest for {972ce4c6-7e08-4474-a285-3208198ce6fd} did not contain an updates property
1467010110973	addons.update-checker	WARN	Update manifest for ubufox@ubuntu.com did not contain an updates property
1467010112163	addons.xpi	ERROR	Failed to clean updated system add-ons directories.: Unix error 2 during operation DirectoryIterator.prototype.next on file /home/vishnu-devops/.mozilla/firefox/av33f4lg.default/features (No such file or directory) ((unknown module)) No traceback available
1467010113118	addons.xpi	ERROR	Attempted to load bootstrap scope from missing directory /home/vishnu-devops/.mozilla/firefox/av33f4lg.default/extensions/firefox-hotfix@mozilla.org.xpi
1467010113124	addons.xpi	WARN	Add-on firefox-hotfix@mozilla.org is missing bootstrap method shutdown
1467010113129	addons.manager	WARN	Exception calling callback: [Exception... "Component returned failure code: 0x80520006 (NS_ERROR_FILE_TARGET_DOES_NOT_EXIST) [nsIFile.isDirectory]"  nsresult: "0x80520006 (NS_ERROR_FILE_TARGET_DOES_NOT_EXIST)"  location: "JS frame :: resource://gre/modules/addons/XPIProvider.jsm :: getURIForResourceInFile :: line 1510"  data: no] Stack trace: getURIForResourceInFile()@resource://gre/modules/addons/XPIProvider.jsm:1510 < this.XPIProvider.callBootstrapMethod()@resource://gre/modules/addons/XPIProvider.jsm:4669 < this.XPIProvider.uninstallAddon()@resource://gre/modules/addons/XPIProvider.jsm:4922 < AddonWrapper.prototype.uninstall()@resource://gre/modules/addons/XPIProvider.jsm:7129 < uninstallHotfix/<()@resource://gre/modules/addons/XPIProvider.jsm -> jar:file:///home/vishnu-devops/.mozilla/firefox/av33f4lg.default/extensions/firefox-hotfix@mozilla.org.xpi!/bootstrap.js:78 < safeCall()@resource://gre/modules/AddonManager.jsm:179 < makeSafe/<()@resource://gre/modules/AddonManager.jsm:195 < Handler.prototype.process()@resource://gre/modules/Promise.jsm -> resource://gre/modules/Promise-backend.js:933 < this.PromiseWalker.walkerLoop()@resource://gre/modules/Promise.jsm -> resource://gre/modules/Promise-backend.js:812 < this.PromiseWalker.scheduleWalkerLoop/<()@resource://gre/modules/Promise.jsm -> resource://gre/modules/Promise-backend.js:746
